  Crypto3.cpp
libcpmtd.lib(xlocale.obj) : error LNK2001: unresolved external symbol __calloc_dbg
Crypto3.obj : error LNK2001: unresolved external symbol __calloc_dbg
libcpmtd.lib(_tolower.obj) : error LNK2001: unresolved external symbol __calloc_dbg
libcpmtd.lib(locale.obj) : error LNK2001: unresolved external symbol __calloc_dbg
libcpmtd.lib(wlocale.obj) : error LNK2001: unresolved external symbol __calloc_dbg
libcpmtd.lib(xwcsxfrm.obj) : error LNK2001: unresolved external symbol __free_dbg
libcpmtd.lib(StlCompareStringA.obj) : error LNK2001: unresolved external symbol __free_dbg
libcpmtd.lib(locale.obj) : error LNK2001: unresolved external symbol __free_dbg
libcpmtd.lib(StlLCMapStringA.obj) : error LNK2001: unresolved external symbol __free_dbg
libcpmtd.lib(wlocale.obj) : error LNK2001: unresolved external symbol __free_dbg
libcpmtd.lib(xlocale.obj) : error LNK2001: unresolved external symbol __free_dbg
Crypto3.obj : error LNK2001: unresolved external symbol __free_dbg
libcpmtd.lib(locale0.obj) : error LNK2001: unresolved external symbol __free_dbg
libcpmtd.lib(cout.obj) : error LNK2001: unresolved external symbol __free_dbg
libcpmtd.lib(cerr.obj) : error LNK2001: unresolved external symbol __free_dbg
libcpmtd.lib(xwcsxfrm.obj) : error LNK2001: unresolved external symbol __malloc_dbg
libcpmtd.lib(StlCompareStringA.obj) : error LNK2001: unresolved external symbol __malloc_dbg
libcpmtd.lib(locale.obj) : error LNK2001: unresolved external symbol __malloc_dbg
libcpmtd.lib(StlLCMapStringA.obj) : error LNK2001: unresolved external symbol __malloc_dbg
libcpmtd.lib(wlocale.obj) : error LNK2001: unresolved external symbol __malloc_dbg
libcpmtd.lib(xlocale.obj) : error LNK2001: unresolved external symbol __malloc_dbg
Crypto3.obj : error LNK2001: unresolved external symbol __malloc_dbg
libcpmtd.lib(locale0.obj) : error LNK2001: unresolved external symbol __malloc_dbg
libcpmtd.lib(cout.obj) : error LNK2001: unresolved external symbol __malloc_dbg
libcpmtd.lib(cerr.obj) : error LNK2001: unresolved external symbol __malloc_dbg
libcpmtd.lib(wlocale.obj) : error LNK2001: unresolved external symbol __CrtDbgReport
libcpmtd.lib(xlocale.obj) : error LNK2001: unresolved external symbol __CrtDbgReport
Crypto3.obj : error LNK2001: unresolved external symbol __CrtDbgReport
libcpmtd.lib(cout.obj) : error LNK2001: unresolved external symbol __CrtDbgReport
libcpmtd.lib(cerr.obj) : error LNK2001: unresolved external symbol __CrtDbgReport
libcpmtd.lib(locale.obj) : error LNK2001: unresolved external symbol __CrtDbgReport
Crypto3.obj : error LNK2019: unresolved external symbol "public: __thiscall CryptoPP::Algorithm::Algorithm(bool)" (??0Algorithm@CryptoPP@@QAE@_N@Z) referenced in function "public: __thiscall CryptoPP::BlockTransformation::BlockTransformation(void)" (??0BlockTransformation@CryptoPP@@QAE@XZ)
Crypto3.obj : error LNK2001: unresolved external symbol "public: virtual void __thiscall CryptoPP::SimpleKeyingInterface::SetKey(unsigned char const *,unsigned int,class CryptoPP::NameValuePairs const &)" (?SetKey@SimpleKeyingInterface@CryptoPP@@UAEXPBEIABVNameValuePairs@2@@Z)
Crypto3.obj : error LNK2019: unresolved external symbol "public: void __thiscall CryptoPP::SimpleKeyingInterface::SetKeyWithIV(unsigned char const *,unsigned int,unsigned char const *,unsigned int)" (?SetKeyWithIV@SimpleKeyingInterface@CryptoPP@@QAEXPBEI0I@Z) referenced in function "public: void __thiscall CryptoPP::SimpleKeyingInterface::SetKeyWithIV(unsigned char const *,unsigned int,unsigned char const *)" (?SetKeyWithIV@SimpleKeyingInterface@CryptoPP@@QAEXPBEI0@Z)
Crypto3.obj : error LNK2001: unresolved external symbol "public: virtual void __thiscall CryptoPP::SimpleKeyingInterface::GetNextIV(class CryptoPP::RandomNumberGenerator &,unsigned char *)" (?GetNextIV@SimpleKeyingInterface@CryptoPP@@UAEXAAVRandomNumberGenerator@2@PAE@Z)
Crypto3.obj : error LNK2019: unresolved external symbol "protected: unsigned int __thiscall CryptoPP::SimpleKeyingInterface::ThrowIfInvalidIVLength(int)" (?ThrowIfInvalidIVLength@SimpleKeyingInterface@CryptoPP@@IAEIH@Z) referenced in function "public: virtual void __thiscall CryptoPP::BlockOrientedCipherModeBase::Resynchronize(unsigned char const *,int)" (?Resynchronize@BlockOrientedCipherModeBase@CryptoPP@@UAEXPBEH@Z)
Crypto3.obj : error LNK2001: unresolved external symbol "public: virtual unsigned int __thiscall CryptoPP::StreamTransformation::ProcessLastBlock(unsigned char *,unsigned int,unsigned char const *,unsigned int)" (?ProcessLastBlock@StreamTransformation@CryptoPP@@UAEIPAEIPBEI@Z)
Crypto3.obj : error LNK2001: unresolved external symbol "public: virtual unsigned char __thiscall CryptoPP::RandomNumberGenerator::GenerateByte(void)" (?GenerateByte@RandomNumberGenerator@CryptoPP@@UAEEXZ)
Crypto3.obj : error LNK2001: unresolved external symbol "public: virtual unsigned int __thiscall CryptoPP::RandomNumberGenerator::GenerateBit(void)" (?GenerateBit@RandomNumberGenerator@CryptoPP@@UAEIXZ)
Crypto3.obj : error LNK2001: unresolved external symbol "public: virtual unsigned int __thiscall CryptoPP::RandomNumberGenerator::GenerateWord32(unsigned int,unsigned int)" (?GenerateWord32@RandomNumberGenerator@CryptoPP@@UAEIII@Z)
Crypto3.obj : error LNK2019: unresolved external symbol "public: virtual void __thiscall CryptoPP::RandomNumberGenerator::GenerateBlock(unsigned char *,unsigned int)" (?GenerateBlock@RandomNumberGenerator@CryptoPP@@UAEXPAEI@Z) referenced in function _main
Crypto3.obj : error LNK2001: unresolved external symbol "public: virtual void __thiscall CryptoPP::RandomNumberGenerator::DiscardBytes(unsigned int)" (?DiscardBytes@RandomNumberGenerator@CryptoPP@@UAEXI@Z)
Crypto3.obj : error LNK2001: unresolved external symbol "public: virtual unsigned int __thiscall CryptoPP::BufferedTransformation::GetMaxWaitObjectCount(void)const " (?GetMaxWaitObjectCount@BufferedTransformation@CryptoPP@@UBEIXZ)
Crypto3.obj : error LNK2001: unresolved external symbol "public: virtual void __thiscall CryptoPP::BufferedTransformation::GetWaitObjects(class CryptoPP::WaitObjectContainer &,class CryptoPP::CallStack const &)" (?GetWaitObjects@BufferedTransformation@CryptoPP@@UAEXAAVWaitObjectContainer@2@ABVCallStack@2@@Z)
Crypto3.obj : error LNK2001: unresolved external symbol "public: virtual void __thiscall CryptoPP::BufferedTransformation::Initialize(class CryptoPP::NameValuePairs const &,int)" (?Initialize@BufferedTransformation@CryptoPP@@UAEXABVNameValuePairs@2@H@Z)
Crypto3.obj : error LNK2001: unresolved external symbol "public: virtual bool __thiscall CryptoPP::BufferedTransformation::Flush(bool,int,bool)" (?Flush@BufferedTransformation@CryptoPP@@UAE_N_NH0@Z)
Crypto3.obj : error LNK2001: unresolved external symbol "public: virtual bool __thiscall CryptoPP::BufferedTransformation::MessageSeriesEnd(int,bool)" (?MessageSeriesEnd@BufferedTransformation@CryptoPP@@UAE_NH_N@Z)
Crypto3.obj : error LNK2001: unresolved external symbol "public: virtual unsigned __int64 __thiscall CryptoPP::BufferedTransformation::MaxRetrievable(void)const " (?MaxRetrievable@BufferedTransformation@CryptoPP@@UBE_KXZ)
Crypto3.obj : error LNK2001: unresolved external symbol "public: virtual bool __thiscall CryptoPP::BufferedTransformation::AnyRetrievable(void)const " (?AnyRetrievable@BufferedTransformation@CryptoPP@@UBE_NXZ)
Crypto3.obj : error LNK2001: unresolved external symbol "public: virtual unsigned int __thiscall CryptoPP::BufferedTransformation::Get(unsigned char &)" (?Get@BufferedTransformation@CryptoPP@@UAEIAAE@Z)
Crypto3.obj : error LNK2001: unresolved external symbol "public: virtual unsigned int __thiscall CryptoPP::BufferedTransformation::Get(unsigned char *,unsigned int)" (?Get@BufferedTransformation@CryptoPP@@UAEIPAEI@Z)
Crypto3.obj : error LNK2001: unresolved external symbol "public: virtual unsigned int __thiscall CryptoPP::BufferedTransformation::Peek(unsigned char &)const " (?Peek@BufferedTransformation@CryptoPP@@UBEIAAE@Z)
Crypto3.obj : error LNK2001: unresolved external symbol "public: virtual unsigned int __thiscall CryptoPP::BufferedTransformation::Peek(unsigned char *,unsigned int)const " (?Peek@BufferedTransformation@CryptoPP@@UBEIPAEI@Z)
Crypto3.obj : error LNK2001: unresolved external symbol "public: virtual unsigned __int64 __thiscall CryptoPP::BufferedTransformation::Skip(unsigned __int64)" (?Skip@BufferedTransformation@CryptoPP@@UAE_K_K@Z)
Crypto3.obj : error LNK2001: unresolved external symbol "public: virtual unsigned __int64 __thiscall CryptoPP::BufferedTransformation::TotalBytesRetrievable(void)const " (?TotalBytesRetrievable@BufferedTransformation@CryptoPP@@UBE_KXZ)
Crypto3.obj : error LNK2001: unresolved external symbol "public: virtual unsigned int __thiscall CryptoPP::BufferedTransformation::NumberOfMessages(void)const " (?NumberOfMessages@BufferedTransformation@CryptoPP@@UBEIXZ)
Crypto3.obj : error LNK2001: unresolved external symbol "public: virtual bool __thiscall CryptoPP::BufferedTransformation::AnyMessages(void)const " (?AnyMessages@BufferedTransformation@CryptoPP@@UBE_NXZ)
Crypto3.obj : error LNK2001: unresolved external symbol "public: virtual bool __thiscall CryptoPP::BufferedTransformation::GetNextMessage(void)" (?GetNextMessage@BufferedTransformation@CryptoPP@@UAE_NXZ)
Crypto3.obj : error LNK2001: unresolved external symbol "public: virtual unsigned int __thiscall CryptoPP::BufferedTransformation::SkipMessages(unsigned int)" (?SkipMessages@BufferedTransformation@CryptoPP@@UAEII@Z)
Crypto3.obj : error LNK2001: unresolved external symbol "public: virtual void __thiscall CryptoPP::BufferedTransformation::SkipAll(void)" (?SkipAll@BufferedTransformation@CryptoPP@@UAEXXZ)
Crypto3.obj : error LNK2019: unresolved external symbol "public: unsigned int __thiscall CryptoPP::BufferedTransformation::TransferMessagesTo2(class CryptoPP::BufferedTransformation &,unsigned int &,class std::basic_string<char,struct std::char_traits<char>,class std::allocator<char> > const &,bool)" (?TransferMessagesTo2@BufferedTransformation@CryptoPP@@QAEIAAV12@AAIABV?$basic_string@DU?$char_traits@D@std@@V?$allocator@D@2@@std@@_N@Z) referenced in function "public: virtual unsigned int __thiscall CryptoPP::SourceTemplate<class CryptoPP::StringStore>::PumpMessages2(unsigned int &,bool)" (?PumpMessages2@?$SourceTemplate@VStringStore@CryptoPP@@@CryptoPP@@UAEIAAI_N@Z)
Crypto3.obj : error LNK2019: unresolved external symbol "public: unsigned int __thiscall CryptoPP::BufferedTransformation::TransferAllTo2(class CryptoPP::BufferedTransformation &,class std::basic_string<char,struct std::char_traits<char>,class std::allocator<char> > const &,bool)" (?TransferAllTo2@BufferedTransformation@CryptoPP@@QAEIAAV12@ABV?$basic_string@DU?$char_traits@D@std@@V?$allocator@D@2@@std@@_N@Z) referenced in function "public: virtual unsigned int __thiscall CryptoPP::SourceTemplate<class CryptoPP::StringStore>::PumpAll2(bool)" (?PumpAll2@?$SourceTemplate@VStringStore@CryptoPP@@@CryptoPP@@UAEI_N@Z)
Crypto3.obj : error LNK2001: unresolved external symbol "public: virtual unsigned char * __thiscall CryptoPP::BufferedTransformation::ChannelCreatePutSpace(class std::basic_string<char,struct std::char_traits<char>,class std::allocator<char> > const &,unsigned int &)" (?ChannelCreatePutSpace@BufferedTransformation@CryptoPP@@UAEPAEABV?$basic_string@DU?$char_traits@D@std@@V?$allocator@D@2@@std@@AAI@Z)
Crypto3.obj : error LNK2001: unresolved external symbol "public: virtual unsigned int __thiscall CryptoPP::BufferedTransformation::ChannelPut2(class std::basic_string<char,struct std::char_traits<char>,class std::allocator<char> > const &,unsigned char const *,unsigned int,int,bool)" (?ChannelPut2@BufferedTransformation@CryptoPP@@UAEIABV?$basic_string@DU?$char_traits@D@std@@V?$allocator@D@2@@std@@PBEIH_N@Z)
Crypto3.obj : error LNK2001: unresolved external symbol "public: virtual unsigned int __thiscall CryptoPP::BufferedTransformation::ChannelPutModifiable2(class std::basic_string<char,struct std::char_traits<char>,class std::allocator<char> > const &,unsigned char *,unsigned int,int,bool)" (?ChannelPutModifiable2@BufferedTransformation@CryptoPP@@UAEIABV?$basic_string@DU?$char_traits@D@std@@V?$allocator@D@2@@std@@PAEIH_N@Z)
Crypto3.obj : error LNK2001: unresolved external symbol "public: virtual bool __thiscall CryptoPP::BufferedTransformation::ChannelFlush(class std::basic_string<char,struct std::char_traits<char>,class std::allocator<char> > const &,bool,int,bool)" (?ChannelFlush@BufferedTransformation@CryptoPP@@UAE_NABV?$basic_string@DU?$char_traits@D@std@@V?$allocator@D@2@@std@@_NH1@Z)
Crypto3.obj : error LNK2001: unresolved external symbol "public: virtual bool __thiscall CryptoPP::BufferedTransformation::ChannelMessageSeriesEnd(class std::basic_string<char,struct std::char_traits<char>,class std::allocator<char> > const &,int,bool)" (?ChannelMessageSeriesEnd@BufferedTransformation@CryptoPP@@UAE_NABV?$basic_string@DU?$char_traits@D@std@@V?$allocator@D@2@@std@@H_N@Z)
Crypto3.obj : error LNK2001: unresolved external symbol "public: virtual void __thiscall CryptoPP::BufferedTransformation::SetRetrievalChannel(class std::basic_string<char,struct std::char_traits<char>,class std::allocator<char> > const &)" (?SetRetrievalChannel@BufferedTransformation@CryptoPP@@UAEXABV?$basic_string@DU?$char_traits@D@std@@V?$allocator@D@2@@std@@@Z)
Crypto3.obj : error LNK2001: unresolved external symbol "public: virtual void __thiscall CryptoPP::BufferedTransformation::Attach(class CryptoPP::BufferedTransformation *)" (?Attach@BufferedTransformation@CryptoPP@@UAEXPAV12@@Z)
Crypto3.obj : error LNK2001: unresolved external symbol "public: virtual bool __thiscall CryptoPP::Store::GetNextMessage(void)" (?GetNextMessage@Store@CryptoPP@@UAE_NXZ)
Crypto3.obj : error LNK2019: unresolved external symbol "void * __cdecl CryptoPP::AlignedAllocate(unsigned int)" (?AlignedAllocate@CryptoPP@@YAPAXI@Z) referenced in function "public: unsigned char * __thiscall CryptoPP::AllocatorWithCleanup<unsigned char,0>::allocate(unsigned int,void const *)" (?allocate@?$AllocatorWithCleanup@E$0A@@CryptoPP@@QAEPAEIPBX@Z)
Crypto3.obj : error LNK2019: unresolved external symbol "void __cdecl CryptoPP::AlignedDeallocate(void *)" (?AlignedDeallocate@CryptoPP@@YAXPAX@Z) referenced in function "public: void __thiscall CryptoPP::AllocatorWithCleanup<unsigned char,0>::deallocate(void *,unsigned int)" (?deallocate@?$AllocatorWithCleanup@E$0A@@CryptoPP@@QAEXPAXI@Z)
Crypto3.obj : error LNK2019: unresolved external symbol "void * __cdecl CryptoPP::UnalignedAllocate(unsigned int)" (?UnalignedAllocate@CryptoPP@@YAPAXI@Z) referenced in function "public: unsigned char * __thiscall CryptoPP::AllocatorWithCleanup<unsigned char,0>::allocate(unsigned int,void const *)" (?allocate@?$AllocatorWithCleanup@E$0A@@CryptoPP@@QAEPAEIPBX@Z)
Crypto3.obj : error LNK2019: unresolved external symbol "void __cdecl CryptoPP::UnalignedDeallocate(void *)" (?UnalignedDeallocate@CryptoPP@@YAXPAX@Z) referenced in function "public: void __thiscall CryptoPP::AllocatorWithCleanup<unsigned char,0>::deallocate(void *,unsigned int)" (?deallocate@?$AllocatorWithCleanup@E$0A@@CryptoPP@@QAEXPAXI@Z)
Crypto3.obj : error LNK2001: unresolved external symbol "public: virtual void __thiscall CryptoPP::Rijndael::Base::UncheckedSetKey(unsigned char const *,unsigned int,class CryptoPP::NameValuePairs const &)" (?UncheckedSetKey@Base@Rijndael@CryptoPP@@UAEXPBEIABVNameValuePairs@3@@Z)
Crypto3.obj : error LNK2001: unresolved external symbol "public: virtual class std::basic_string<char,struct std::char_traits<char>,class std::allocator<char> > __thiscall CryptoPP::Rijndael::Base::AlgorithmProvider(void)const " (?AlgorithmProvider@Base@Rijndael@CryptoPP@@UBE?AV?$basic_string@DU?$char_traits@D@std@@V?$allocator@D@2@@std@@XZ)
Crypto3.obj : error LNK2001: unresolved external symbol "public: virtual unsigned int __thiscall CryptoPP::Rijndael::Base::OptimalDataAlignment(void)const " (?OptimalDataAlignment@Base@Rijndael@CryptoPP@@UBEIXZ)
Crypto3.obj : error LNK2001: unresolved external symbol "public: virtual void __thiscall CryptoPP::Rijndael::Enc::ProcessAndXorBlock(unsigned char const *,unsigned char const *,unsigned char *)const " (?ProcessAndXorBlock@Enc@Rijndael@CryptoPP@@UBEXPBE0PAE@Z)
Crypto3.obj : error LNK2001: unresolved external symbol "public: virtual unsigned int __thiscall CryptoPP::Rijndael::Enc::AdvancedProcessBlocks(unsigned char const *,unsigned char const *,unsigned char *,unsigned int,unsigned int)const " (?AdvancedProcessBlocks@Enc@Rijndael@CryptoPP@@UBEIPBE0PAEII@Z)
Crypto3.obj : error LNK2001: unresolved external symbol "public: virtual void __thiscall CryptoPP::Rijndael::Dec::ProcessAndXorBlock(unsigned char const *,unsigned char const *,unsigned char *)const " (?ProcessAndXorBlock@Dec@Rijndael@CryptoPP@@UBEXPBE0PAE@Z)
Crypto3.obj : error LNK2001: unresolved external symbol "public: virtual unsigned int __thiscall CryptoPP::Rijndael::Dec::AdvancedProcessBlocks(unsigned char const *,unsigned char const *,unsigned char *,unsigned int,unsigned int)const " (?AdvancedProcessBlocks@Dec@Rijndael@CryptoPP@@UBEIPBE0PAEII@Z)
Crypto3.obj : error LNK2019: unresolved external symbol "bool __cdecl CryptoPP::AssignIntToInteger(class type_info const &,void *,void const *)" (?AssignIntToInteger@CryptoPP@@YA_NABVtype_info@@PAXPBX@Z) referenced in function "public: virtual void __thiscall CryptoPP::AlgorithmParametersTemplate<int>::AssignValue(char const *,class type_info const &,void *)const " (?AssignValue@?$AlgorithmParametersTemplate@H@CryptoPP@@UBEXPBDABVtype_info@@PAX@Z)
Crypto3.obj : error LNK2019: unresolved external symbol "public: __thiscall CryptoPP::AlgorithmParameters::AlgorithmParameters(void)" (??0AlgorithmParameters@CryptoPP@@QAE@XZ) referenced in function "class CryptoPP::AlgorithmParameters __cdecl CryptoPP::MakeParameters<class std::basic_ostream<char,struct std::char_traits<char> > *>(char const *,class std::basic_ostream<char,struct std::char_traits<char> > * const &,bool)" (??$MakeParameters@PAV?$basic_ostream@DU?$char_traits@D@std@@@std@@@CryptoPP@@YA?AVAlgorithmParameters@0@PBDABQAV?$basic_ostream@DU?$char_traits@D@std@@@std@@_N@Z)
Crypto3.obj : error LNK2019: unresolved external symbol "public: __thiscall CryptoPP::AlgorithmParameters::AlgorithmParameters(class CryptoPP::AlgorithmParameters const &)" (??0AlgorithmParameters@CryptoPP@@QAE@ABV01@@Z) referenced in function "class CryptoPP::AlgorithmParameters __cdecl CryptoPP::MakeParameters<class std::basic_ostream<char,struct std::char_traits<char> > *>(char const *,class std::basic_ostream<char,struct std::char_traits<char> > * const &,bool)" (??$MakeParameters@PAV?$basic_ostream@DU?$char_traits@D@std@@@std@@@CryptoPP@@YA?AVAlgorithmParameters@0@PBDABQAV?$basic_ostream@DU?$char_traits@D@std@@@std@@_N@Z)
Crypto3.obj : error LNK2001: unresolved external symbol "public: virtual void __thiscall CryptoPP::BlockOrientedCipherModeBase::UncheckedSetKey(unsigned char const *,unsigned int,class CryptoPP::NameValuePairs const &)" (?UncheckedSetKey@BlockOrientedCipherModeBase@CryptoPP@@UAEXPBEIABVNameValuePairs@2@@Z)
Crypto3.obj : error LNK2019: unresolved external symbol "protected: virtual void __thiscall CryptoPP::BlockOrientedCipherModeBase::ResizeBuffers(void)" (?ResizeBuffers@BlockOrientedCipherModeBase@CryptoPP@@MAEXXZ) referenced in function "public: __thiscall CryptoPP::CipherModeFinalTemplate_CipherHolder<class CryptoPP::BlockCipherFinal<0,class CryptoPP::Rijndael::Enc>,class CryptoPP::CBC_Encryption>::CipherModeFinalTemplate_CipherHolder<class CryptoPP::BlockCipherFinal<0,class CryptoPP::Rijndael::Enc>,class CryptoPP::CBC_Encryption>(void)" (??0?$CipherModeFinalTemplate_CipherHolder@V?$BlockCipherFinal@$0A@VEnc@Rijndael@CryptoPP@@@CryptoPP@@VCBC_Encryption@2@@CryptoPP@@QAE@XZ)
Crypto3.obj : error LNK2001: unresolved external symbol "public: virtual void __thiscall CryptoPP::CBC_Encryption::ProcessData(unsigned char *,unsigned char const *,unsigned int)" (?ProcessData@CBC_Encryption@CryptoPP@@UAEXPAEPBEI@Z)
Crypto3.obj : error LNK2001: unresolved external symbol "public: virtual void __thiscall CryptoPP::CBC_Decryption::ProcessData(unsigned char *,unsigned char const *,unsigned int)" (?ProcessData@CBC_Decryption@CryptoPP@@UAEXPAEPBEI@Z)
Crypto3.obj : error LNK2019: unresolved external symbol "protected: virtual void __thiscall CryptoPP::CBC_Decryption::ResizeBuffers(void)" (?ResizeBuffers@CBC_Decryption@CryptoPP@@MAEXXZ) referenced in function "public: __thiscall CryptoPP::CipherModeFinalTemplate_CipherHolder<class CryptoPP::BlockCipherFinal<1,class CryptoPP::Rijndael::Dec>,class CryptoPP::CBC_Decryption>::CipherModeFinalTemplate_CipherHolder<class CryptoPP::BlockCipherFinal<1,class CryptoPP::Rijndael::Dec>,class CryptoPP::CBC_Decryption>(void)" (??0?$CipherModeFinalTemplate_CipherHolder@V?$BlockCipherFinal@$00VDec@Rijndael@CryptoPP@@@CryptoPP@@VCBC_Decryption@2@@CryptoPP@@QAE@XZ)
Crypto3.obj : error LNK2019: unresolved external symbol "public: __thiscall CryptoPP::Filter::Filter(class CryptoPP::BufferedTransformation *)" (??0Filter@CryptoPP@@QAE@PAVBufferedTransformation@1@@Z) referenced in function "public: __thiscall CryptoPP::Bufferless<class CryptoPP::Filter>::Bufferless<class CryptoPP::Filter>(void)" (??0?$Bufferless@VFilter@CryptoPP@@@CryptoPP@@QAE@XZ)
Crypto3.obj : error LNK2001: unresolved external symbol "public: virtual class CryptoPP::BufferedTransformation * __thiscall CryptoPP::Filter::AttachedTransformation(void)" (?AttachedTransformation@Filter@CryptoPP@@UAEPAVBufferedTransformation@2@XZ)
Crypto3.obj : error LNK2001: unresolved external symbol "public: virtual class CryptoPP::BufferedTransformation const * __thiscall CryptoPP::Filter::AttachedTransformation(void)const " (?AttachedTransformation@Filter@CryptoPP@@UBEPBVBufferedTransformation@2@XZ)
Crypto3.obj : error LNK2019: unresolved external symbol "public: virtual void __thiscall CryptoPP::Filter::Detach(class CryptoPP::BufferedTransformation *)" (?Detach@Filter@CryptoPP@@UAEXPAVBufferedTransformation@2@@Z) referenced in function "public: __thiscall CryptoPP::BaseN_Encoder::BaseN_Encoder(class CryptoPP::BufferedTransformation *)" (??0BaseN_Encoder@CryptoPP@@QAE@PAVBufferedTransformation@1@@Z)
Crypto3.obj : error LNK2001: unresolved external symbol "public: virtual unsigned int __thiscall CryptoPP::Filter::TransferTo2(class CryptoPP::BufferedTransformation &,unsigned __int64 &,class std::basic_string<char,struct std::char_traits<char>,class std::allocator<char> > const &,bool)" (?TransferTo2@Filter@CryptoPP@@UAEIAAVBufferedTransformation@2@AA_KABV?$basic_string@DU?$char_traits@D@std@@V?$allocator@D@2@@std@@_N@Z)
Crypto3.obj : error LNK2001: unresolved external symbol "public: virtual unsigned int __thiscall CryptoPP::Filter::CopyRangeTo2(class CryptoPP::BufferedTransformation &,unsigned __int64 &,unsigned __int64,class std::basic_string<char,struct std::char_traits<char>,class std::allocator<char> > const &,bool)const " (?CopyRangeTo2@Filter@CryptoPP@@UBEIAAVBufferedTransformation@2@AA_K_KABV?$basic_string@DU?$char_traits@D@std@@V?$allocator@D@2@@std@@_N@Z)
Crypto3.obj : error LNK2001: unresolved external symbol "public: virtual void __thiscall CryptoPP::Filter::Initialize(class CryptoPP::NameValuePairs const &,int)" (?Initialize@Filter@CryptoPP@@UAEXABVNameValuePairs@2@H@Z)
Crypto3.obj : error LNK2001: unresolved external symbol "public: virtual bool __thiscall CryptoPP::Filter::Flush(bool,int,bool)" (?Flush@Filter@CryptoPP@@UAE_N_NH0@Z)
Crypto3.obj : error LNK2001: unresolved external symbol "public: virtual bool __thiscall CryptoPP::Filter::MessageSeriesEnd(int,bool)" (?MessageSeriesEnd@Filter@CryptoPP@@UAE_NH_N@Z)
Crypto3.obj : error LNK2001: unresolved external symbol "protected: virtual class CryptoPP::BufferedTransformation * __thiscall CryptoPP::Filter::NewDefaultAttachment(void)const " (?NewDefaultAttachment@Filter@CryptoPP@@MBEPAVBufferedTransformation@2@XZ)
Crypto3.obj : error LNK2001: unresolved external symbol "public: virtual void __thiscall CryptoPP::FilterWithBufferedInput::IsolatedInitialize(class CryptoPP::NameValuePairs const &)" (?IsolatedInitialize@FilterWithBufferedInput@CryptoPP@@UAEXABVNameValuePairs@2@@Z)
Crypto3.obj : error LNK2001: unresolved external symbol "public: virtual bool __thiscall CryptoPP::FilterWithBufferedInput::IsolatedFlush(bool,bool)" (?IsolatedFlush@FilterWithBufferedInput@CryptoPP@@UAE_N_N0@Z)
Crypto3.obj : error LNK2001: unresolved external symbol "protected: virtual void __thiscall CryptoPP::FilterWithBufferedInput::NextPutMultiple(unsigned char const *,unsigned int)" (?NextPutMultiple@FilterWithBufferedInput@CryptoPP@@MAEXPBEI@Z)
Crypto3.obj : error LNK2019: unresolved external symbol "protected: unsigned int __thiscall CryptoPP::FilterWithBufferedInput::PutMaybeModifiable(unsigned char *,unsigned int,int,bool,bool)" (?PutMaybeModifiable@FilterWithBufferedInput@CryptoPP@@IAEIPAEIH_N1@Z) referenced in function "public: virtual unsigned int __thiscall CryptoPP::FilterWithBufferedInput::Put2(unsigned char const *,unsigned int,int,bool)" (?Put2@FilterWithBufferedInput@CryptoPP@@UAEIPBEIH_N@Z)
Crypto3.obj : error LNK2019: unresolved external symbol "public: __thiscall CryptoPP::StreamTransformationFilter::StreamTransformationFilter(class CryptoPP::StreamTransformation &,class CryptoPP::BufferedTransformation *,enum CryptoPP::BlockPaddingSchemeDef::BlockPaddingScheme)" (??0StreamTransformationFilter@CryptoPP@@QAE@AAVStreamTransformation@1@PAVBufferedTransformation@1@W4BlockPaddingScheme@BlockPaddingSchemeDef@1@@Z) referenced in function _main
Crypto3.obj : error LNK2019: unresolved external symbol "public: __thiscall CryptoPP::ProxyFilter::ProxyFilter(class CryptoPP::BufferedTransformation *,unsigned int,unsigned int,class CryptoPP::BufferedTransformation *)" (??0ProxyFilter@CryptoPP@@QAE@PAVBufferedTransformation@1@II0@Z) referenced in function "public: __thiscall CryptoPP::SimpleProxyFilter::SimpleProxyFilter(class CryptoPP::BufferedTransformation *,class CryptoPP::BufferedTransformation *)" (??0SimpleProxyFilter@CryptoPP@@QAE@PAVBufferedTransformation@1@0@Z)
Crypto3.obj : error LNK2001: unresolved external symbol "public: virtual bool __thiscall CryptoPP::ProxyFilter::IsolatedFlush(bool,bool)" (?IsolatedFlush@ProxyFilter@CryptoPP@@UAE_N_N0@Z)
Crypto3.obj : error LNK2001: unresolved external symbol "public: virtual void __thiscall CryptoPP::ProxyFilter::NextPutMultiple(unsigned char const *,unsigned int)" (?NextPutMultiple@ProxyFilter@CryptoPP@@UAEXPBEI@Z)
Crypto3.obj : error LNK2001: unresolved external symbol "public: virtual void __thiscall CryptoPP::ProxyFilter::NextPutModifiable(unsigned char *,unsigned int)" (?NextPutModifiable@ProxyFilter@CryptoPP@@UAEXPAEI@Z)
Crypto3.obj : error LNK2001: unresolved external symbol "public: virtual unsigned int __thiscall CryptoPP::StringStore::TransferTo2(class CryptoPP::BufferedTransformation &,unsigned __int64 &,class std::basic_string<char,struct std::char_traits<char>,class std::allocator<char> > const &,bool)" (?TransferTo2@StringStore@CryptoPP@@UAEIAAVBufferedTransformation@2@AA_KABV?$basic_string@DU?$char_traits@D@std@@V?$allocator@D@2@@std@@_N@Z)
Crypto3.obj : error LNK2001: unresolved external symbol "public: virtual unsigned int __thiscall CryptoPP::StringStore::CopyRangeTo2(class CryptoPP::BufferedTransformation &,unsigned __int64 &,unsigned __int64,class std::basic_string<char,struct std::char_traits<char>,class std::allocator<char> > const &,bool)const " (?CopyRangeTo2@StringStore@CryptoPP@@UBEIAAVBufferedTransformation@2@AA_K_KABV?$basic_string@DU?$char_traits@D@std@@V?$allocator@D@2@@std@@_N@Z)
Crypto3.obj : error LNK2019: unresolved external symbol "private: virtual void __thiscall CryptoPP::StringStore::StoreInitialize(class CryptoPP::NameValuePairs const &)" (?StoreInitialize@StringStore@CryptoPP@@EAEXABVNameValuePairs@2@@Z) referenced in function "public: __thiscall CryptoPP::StringStore::StringStore(char const *)" (??0StringStore@CryptoPP@@QAE@PBD@Z)
Crypto3.obj : error LNK2019: unresolved external symbol "public: virtual void __thiscall CryptoPP::FileSink::IsolatedInitialize(class CryptoPP::NameValuePairs const &)" (?IsolatedInitialize@FileSink@CryptoPP@@UAEXABVNameValuePairs@2@@Z) referenced in function "public: __thiscall CryptoPP::FileSink::FileSink(class std::basic_ostream<char,struct std::char_traits<char> > &)" (??0FileSink@CryptoPP@@QAE@AAV?$basic_ostream@DU?$char_traits@D@std@@@std@@@Z)
Crypto3.obj : error LNK2001: unresolved external symbol "public: virtual unsigned int __thiscall CryptoPP::FileSink::Put2(unsigned char const *,unsigned int,int,bool)" (?Put2@FileSink@CryptoPP@@UAEIPBEIH_N@Z)
Crypto3.obj : error LNK2001: unresolved external symbol "public: virtual bool __thiscall CryptoPP::FileSink::IsolatedFlush(bool,bool)" (?IsolatedFlush@FileSink@CryptoPP@@UAE_N_N0@Z)
Crypto3.obj : error LNK2019: unresolved external symbol "public: __thiscall CryptoPP::RandomPool::RandomPool(void)" (??0RandomPool@CryptoPP@@QAE@XZ) referenced in function "public: __thiscall CryptoPP::AutoSeededRandomPool::AutoSeededRandomPool(bool,unsigned int)" (??0AutoSeededRandomPool@CryptoPP@@QAE@_NI@Z)
Crypto3.obj : error LNK2001: unresolved external symbol "public: virtual void __thiscall CryptoPP::RandomPool::IncorporateEntropy(unsigned char const *,unsigned int)" (?IncorporateEntropy@RandomPool@CryptoPP@@UAEXPBEI@Z)
Crypto3.obj : error LNK2001: unresolved external symbol "public: virtual void __thiscall CryptoPP::RandomPool::GenerateIntoBufferedTransformation(class CryptoPP::BufferedTransformation &,class std::basic_string<char,struct std::char_traits<char>,class std::allocator<char> > const &,unsigned __int64)" (?GenerateIntoBufferedTransformation@RandomPool@CryptoPP@@UAEXAAVBufferedTransformation@2@ABV?$basic_string@DU?$char_traits@D@std@@V?$allocator@D@2@@std@@_K@Z)
Crypto3.obj : error LNK2019: unresolved external symbol "public: void __thiscall CryptoPP::AutoSeededRandomPool::Reseed(bool,unsigned int)" (?Reseed@AutoSeededRandomPool@CryptoPP@@QAEX_NI@Z) referenced in function "public: __thiscall CryptoPP::AutoSeededRandomPool::AutoSeededRandomPool(bool,unsigned int)" (??0AutoSeededRandomPool@CryptoPP@@QAE@_NI@Z)
Crypto3.obj : error LNK2001: unresolved external symbol "public: virtual void __thiscall CryptoPP::BaseN_Encoder::IsolatedInitialize(class CryptoPP::NameValuePairs const &)" (?IsolatedInitialize@BaseN_Encoder@CryptoPP@@UAEXABVNameValuePairs@2@@Z)
Crypto3.obj : error LNK2001: unresolved external symbol "public: virtual unsigned int __thiscall CryptoPP::BaseN_Encoder::Put2(unsigned char const *,unsigned int,int,bool)" (?Put2@BaseN_Encoder@CryptoPP@@UAEIPBEIH_N@Z)
Crypto3.obj : error LNK2001: unresolved external symbol "public: virtual void __thiscall CryptoPP::Grouper::IsolatedInitialize(class CryptoPP::NameValuePairs const &)" (?IsolatedInitialize@Grouper@CryptoPP@@UAEXABVNameValuePairs@2@@Z)
Crypto3.obj : error LNK2001: unresolved external symbol "public: virtual unsigned int __thiscall CryptoPP::Grouper::Put2(unsigned char const *,unsigned int,int,bool)" (?Put2@Grouper@CryptoPP@@UAEIPBEIH_N@Z)
Crypto3.obj : error LNK2019: unresolved external symbol "public: virtual void __thiscall CryptoPP::HexEncoder::IsolatedInitialize(class CryptoPP::NameValuePairs const &)" (?IsolatedInitialize@HexEncoder@CryptoPP@@UAEXABVNameValuePairs@2@@Z) referenced in function "public: __thiscall CryptoPP::HexEncoder::HexEncoder(class CryptoPP::BufferedTransformation *,bool,int,class std::basic_string<char,struct std::char_traits<char>,class std::allocator<char> > const &,class std::basic_string<char,struct std::char_traits<char>,class std::allocator<char> > const &)" (??0HexEncoder@CryptoPP@@QAE@PAVBufferedTransformation@1@_NHABV?$basic_string@DU?$char_traits@D@std@@V?$allocator@D@2@@std@@2@Z)
Crypto3.obj : error LNK2001: unresolved external symbol "class std::basic_string<char,struct std::char_traits<char>,class std::allocator<char> > const CryptoPP::DEFAULT_CHANNEL" (?DEFAULT_CHANNEL@CryptoPP@@3V?$basic_string@DU?$char_traits@D@std@@V?$allocator@D@2@@std@@B)
libcpmtd.lib(_tolower.obj) : error LNK2019: unresolved external symbol __wcsdup_dbg referenced in function __Getctype
libcpmtd.lib(xstrcoll.obj) : error LNK2001: unresolved external symbol __wcsdup_dbg
libcpmtd.lib(locale.obj) : error LNK2019: unresolved external symbol __realloc_dbg referenced in function "private: static void __cdecl std::locale::_Locimp::_Locimp_Addfac(class std::locale::_Locimp *,class std::locale::facet *,unsigned int)" (?_Locimp_Addfac@_Locimp@locale@std@@CAXPAV123@PAVfacet@23@I@Z)
libcpmtd.lib(StlLCMapStringA.obj) : error LNK2019: unresolved external symbol __CrtDbgReportW referenced in function __freea_crt
libcpmtd.lib(xmbtowc.obj) : error LNK2001: unresolved external symbol __CrtDbgReportW
libcpmtd.lib(StlCompareStringA.obj) : error LNK2001: unresolved external symbol __CrtDbgReportW
C:\Users\Lenovo\Desktop\cryptopp-master\x64\Output\Release\cryptlib.lib : warning LNK4272: library machine type 'x64' conflicts with target machine type 'x86'
C:\Users\Lenovo\source\repos\Crypto3\Debug\Crypto3.exe : fatal error LNK1120: 100 unresolved externals
